[16 Aug 2025 17:53:03,183 INFO  TomcatWebServer -TomcatWebServer.java]- Tomcat initialized with port 8080 (http)
[16 Aug 2025 17:53:03,222 INFO  StandardService -DirectJDKLog.java]- Starting service [Tomcat]
[16 Aug 2025 17:53:03,222 INFO  StandardEngine -DirectJDKLog.java]- Starting Servlet engine: [Apache Tomcat/10.1.43]
[16 Aug 2025 17:53:03,328 INFO  [/] -DirectJDKLog.java]- Initializing Spring embedded WebApplicationContext
[16 Aug 2025 17:53:03,331 INFO  ServletWebServerApplicationContext -ServletWebServerApplicationContext.java]- Root WebApplicationContext: initialization completed in 2829 ms
[16 Aug 2025 17:53:04,950 INFO  TomcatWebServer -TomcatWebServer.java]- Tomcat started on port 8080 (http) with context path '/'
[16 Aug 2025 17:53:06,308 INFO  ConditionEvaluationReportLogger -ConditionEvaluationReportLogger.java]- 

Error starting ApplicationContext. To display the condition evaluation report re-run your application with 'debug' enabled.
[16 Aug 2025 17:53:06,363 ERROR SpringApplication -SpringApplication.java]- Application run failed
java.lang.RuntimeException: Failed to parse latest price
	at com.deltaexchange.trade.service.PriceService.getLatestPrice(PriceService.java:41) ~[classes/:?]
	at com.deltaexchange.trade.service.StartBot.startBotMain(StartBot.java:29) ~[classes/:?]
	at com.deltaexchange.trade.service.BotRunner.run(BotRunner.java:18) ~[classes/:?]
	at org.springframework.boot.SpringApplication.lambda$callRunner$5(SpringApplication.java:788) ~[spring-boot-3.5.4.jar:3.5.4]
	at org.springframework.util.function.ThrowingConsumer$1.acceptWithException(ThrowingConsumer.java:82) ~[spring-core-6.2.9.jar:6.2.9]
	at org.springframework.util.function.ThrowingConsumer.accept(ThrowingConsumer.java:60) ~[spring-core-6.2.9.jar:6.2.9]
	at org.springframework.util.function.ThrowingConsumer$1.accept(ThrowingConsumer.java:86) ~[spring-core-6.2.9.jar:6.2.9]
	at org.springframework.boot.SpringApplication.callRunner(SpringApplication.java:796) ~[spring-boot-3.5.4.jar:3.5.4]
	at org.springframework.boot.SpringApplication.callRunner(SpringApplication.java:787) ~[spring-boot-3.5.4.jar:3.5.4]
	at org.springframework.boot.SpringApplication.lambda$callRunners$3(SpringApplication.java:772) [spring-boot-3.5.4.jar:3.5.4]
	at java.base/java.util.stream.ForEachOps$ForEachOp$OfRef.accept(ForEachOps.java:183) ~[?:?]
	at java.base/java.util.stream.SortedOps$SizedRefSortingSink.end(SortedOps.java:357) ~[?:?]
	at java.base/java.util.stream.AbstractPipeline.copyInto(AbstractPipeline.java:510) ~[?:?]
	at java.base/java.util.stream.AbstractPipeline.wrapAndCopyInto(AbstractPipeline.java:499) ~[?:?]
	at java.base/java.util.stream.ForEachOps$ForEachOp.evaluateSequential(ForEachOps.java:150) ~[?:?]
	at java.base/java.util.stream.ForEachOps$ForEachOp$OfRef.evaluateSequential(ForEachOps.java:173) ~[?:?]
	at java.base/java.util.stream.AbstractPipeline.evaluate(AbstractPipeline.java:234) ~[?:?]
	at java.base/java.util.stream.ReferencePipeline.forEach(ReferencePipeline.java:596) ~[?:?]
	at org.springframework.boot.SpringApplication.callRunners(SpringApplication.java:772) [spring-boot-3.5.4.jar:3.5.4]
	at org.springframework.boot.SpringApplication.run(SpringApplication.java:325) [spring-boot-3.5.4.jar:3.5.4]
	at org.springframework.boot.SpringApplication.run(SpringApplication.java:1361) [spring-boot-3.5.4.jar:3.5.4]
	at org.springframework.boot.SpringApplication.run(SpringApplication.java:1350) [spring-boot-3.5.4.jar:3.5.4]
	at com.deltaexchange.trade.TradingBotApplication.main(TradingBotApplication.java:12) [classes/:?]
Caused by: java.lang.NullPointerException: Cannot invoke "com.fasterxml.jackson.databind.JsonNode.asDouble()" because the return value of "com.fasterxml.jackson.databind.JsonNode.get(String)" is null
	at com.deltaexchange.trade.service.PriceService.getLatestPrice(PriceService.java:38) ~[classes/:?]
	... 22 more
[16 Aug 2025 17:53:06,370 INFO  GracefulShutdown -GracefulShutdown.java]- Commencing graceful shutdown. Waiting for active requests to complete
[16 Aug 2025 17:53:06,440 INFO  GracefulShutdown -GracefulShutdown.java]- Graceful shutdown complete
[16 Aug 2025 17:58:58,350 INFO  TomcatWebServer -TomcatWebServer.java]- Tomcat initialized with port 8080 (http)
[16 Aug 2025 17:58:58,383 INFO  StandardService -DirectJDKLog.java]- Starting service [Tomcat]
[16 Aug 2025 17:58:58,383 INFO  StandardEngine -DirectJDKLog.java]- Starting Servlet engine: [Apache Tomcat/10.1.43]
[16 Aug 2025 17:58:58,476 INFO  [/] -DirectJDKLog.java]- Initializing Spring embedded WebApplicationContext
[16 Aug 2025 17:58:58,480 INFO  ServletWebServerApplicationContext -ServletWebServerApplicationContext.java]- Root WebApplicationContext: initialization completed in 2525 ms
[16 Aug 2025 17:59:00,288 INFO  TomcatWebServer -TomcatWebServer.java]- Tomcat started on port 8080 (http) with context path '/'
[16 Aug 2025 17:59:02,001 INFO  ConditionEvaluationReportLogger -ConditionEvaluationReportLogger.java]- 

Error starting ApplicationContext. To display the condition evaluation report re-run your application with 'debug' enabled.
[16 Aug 2025 17:59:02,031 ERROR SpringApplication -SpringApplication.java]- Application run failed
java.lang.RuntimeException: Failed to parse latest price
	at com.deltaexchange.trade.service.PriceService.getLatestPrice(PriceService.java:41) ~[classes/:?]
	at com.deltaexchange.trade.service.StartBot.startBotMain(StartBot.java:29) ~[classes/:?]
	at com.deltaexchange.trade.service.BotRunner.run(BotRunner.java:18) ~[classes/:?]
	at org.springframework.boot.SpringApplication.lambda$callRunner$5(SpringApplication.java:788) ~[spring-boot-3.5.4.jar:3.5.4]
	at org.springframework.util.function.ThrowingConsumer$1.acceptWithException(ThrowingConsumer.java:82) ~[spring-core-6.2.9.jar:6.2.9]
	at org.springframework.util.function.ThrowingConsumer.accept(ThrowingConsumer.java:60) ~[spring-core-6.2.9.jar:6.2.9]
	at org.springframework.util.function.ThrowingConsumer$1.accept(ThrowingConsumer.java:86) ~[spring-core-6.2.9.jar:6.2.9]
	at org.springframework.boot.SpringApplication.callRunner(SpringApplication.java:796) ~[spring-boot-3.5.4.jar:3.5.4]
	at org.springframework.boot.SpringApplication.callRunner(SpringApplication.java:787) ~[spring-boot-3.5.4.jar:3.5.4]
	at org.springframework.boot.SpringApplication.lambda$callRunners$3(SpringApplication.java:772) [spring-boot-3.5.4.jar:3.5.4]
	at java.base/java.util.stream.ForEachOps$ForEachOp$OfRef.accept(ForEachOps.java:183) ~[?:?]
	at java.base/java.util.stream.SortedOps$SizedRefSortingSink.end(SortedOps.java:357) ~[?:?]
	at java.base/java.util.stream.AbstractPipeline.copyInto(AbstractPipeline.java:510) ~[?:?]
	at java.base/java.util.stream.AbstractPipeline.wrapAndCopyInto(AbstractPipeline.java:499) ~[?:?]
	at java.base/java.util.stream.ForEachOps$ForEachOp.evaluateSequential(ForEachOps.java:150) ~[?:?]
	at java.base/java.util.stream.ForEachOps$ForEachOp$OfRef.evaluateSequential(ForEachOps.java:173) ~[?:?]
	at java.base/java.util.stream.AbstractPipeline.evaluate(AbstractPipeline.java:234) ~[?:?]
	at java.base/java.util.stream.ReferencePipeline.forEach(ReferencePipeline.java:596) ~[?:?]
	at org.springframework.boot.SpringApplication.callRunners(SpringApplication.java:772) [spring-boot-3.5.4.jar:3.5.4]
	at org.springframework.boot.SpringApplication.run(SpringApplication.java:325) [spring-boot-3.5.4.jar:3.5.4]
	at org.springframework.boot.SpringApplication.run(SpringApplication.java:1361) [spring-boot-3.5.4.jar:3.5.4]
	at org.springframework.boot.SpringApplication.run(SpringApplication.java:1350) [spring-boot-3.5.4.jar:3.5.4]
	at com.deltaexchange.trade.TradingBotApplication.main(TradingBotApplication.java:12) [classes/:?]
Caused by: java.lang.NullPointerException: Cannot invoke "com.fasterxml.jackson.databind.JsonNode.asDouble()" because the return value of "com.fasterxml.jackson.databind.JsonNode.get(String)" is null
	at com.deltaexchange.trade.service.PriceService.getLatestPrice(PriceService.java:38) ~[classes/:?]
	... 22 more
[16 Aug 2025 17:59:02,038 INFO  GracefulShutdown -GracefulShutdown.java]- Commencing graceful shutdown. Waiting for active requests to complete
[16 Aug 2025 17:59:02,091 INFO  GracefulShutdown -GracefulShutdown.java]- Graceful shutdown complete
[16 Aug 2025 18:06:43,517 INFO  TomcatWebServer -TomcatWebServer.java]- Tomcat initialized with port 8080 (http)
[16 Aug 2025 18:06:43,556 INFO  StandardService -DirectJDKLog.java]- Starting service [Tomcat]
[16 Aug 2025 18:06:43,557 INFO  StandardEngine -DirectJDKLog.java]- Starting Servlet engine: [Apache Tomcat/10.1.43]
[16 Aug 2025 18:06:43,675 INFO  [/] -DirectJDKLog.java]- Initializing Spring embedded WebApplicationContext
[16 Aug 2025 18:06:43,679 INFO  ServletWebServerApplicationContext -ServletWebServerApplicationContext.java]- Root WebApplicationContext: initialization completed in 2491 ms
[16 Aug 2025 18:06:45,124 INFO  TomcatWebServer -TomcatWebServer.java]- Tomcat started on port 8080 (http) with context path '/'
[16 Aug 2025 18:06:46,351 INFO  ConditionEvaluationReportLogger -ConditionEvaluationReportLogger.java]- 

Error starting ApplicationContext. To display the condition evaluation report re-run your application with 'debug' enabled.
[16 Aug 2025 18:06:46,396 ERROR SpringApplication -SpringApplication.java]- Application run failed
java.lang.RuntimeException: Failed to parse latest price
	at com.deltaexchange.trade.service.PriceService.getLatestPrice(PriceService.java:43) ~[classes/:?]
	at com.deltaexchange.trade.service.StartBot.startBotMain(StartBot.java:29) ~[classes/:?]
	at com.deltaexchange.trade.service.BotRunner.run(BotRunner.java:18) ~[classes/:?]
	at org.springframework.boot.SpringApplication.lambda$callRunner$5(SpringApplication.java:788) ~[spring-boot-3.5.4.jar:3.5.4]
	at org.springframework.util.function.ThrowingConsumer$1.acceptWithException(ThrowingConsumer.java:82) ~[spring-core-6.2.9.jar:6.2.9]
	at org.springframework.util.function.ThrowingConsumer.accept(ThrowingConsumer.java:60) ~[spring-core-6.2.9.jar:6.2.9]
	at org.springframework.util.function.ThrowingConsumer$1.accept(ThrowingConsumer.java:86) ~[spring-core-6.2.9.jar:6.2.9]
	at org.springframework.boot.SpringApplication.callRunner(SpringApplication.java:796) ~[spring-boot-3.5.4.jar:3.5.4]
	at org.springframework.boot.SpringApplication.callRunner(SpringApplication.java:787) ~[spring-boot-3.5.4.jar:3.5.4]
	at org.springframework.boot.SpringApplication.lambda$callRunners$3(SpringApplication.java:772) [spring-boot-3.5.4.jar:3.5.4]
	at java.base/java.util.stream.ForEachOps$ForEachOp$OfRef.accept(ForEachOps.java:183) ~[?:?]
	at java.base/java.util.stream.SortedOps$SizedRefSortingSink.end(SortedOps.java:357) ~[?:?]
	at java.base/java.util.stream.AbstractPipeline.copyInto(AbstractPipeline.java:510) ~[?:?]
	at java.base/java.util.stream.AbstractPipeline.wrapAndCopyInto(AbstractPipeline.java:499) ~[?:?]
	at java.base/java.util.stream.ForEachOps$ForEachOp.evaluateSequential(ForEachOps.java:150) ~[?:?]
	at java.base/java.util.stream.ForEachOps$ForEachOp$OfRef.evaluateSequential(ForEachOps.java:173) ~[?:?]
	at java.base/java.util.stream.AbstractPipeline.evaluate(AbstractPipeline.java:234) ~[?:?]
	at java.base/java.util.stream.ReferencePipeline.forEach(ReferencePipeline.java:596) ~[?:?]
	at org.springframework.boot.SpringApplication.callRunners(SpringApplication.java:772) [spring-boot-3.5.4.jar:3.5.4]
	at org.springframework.boot.SpringApplication.run(SpringApplication.java:325) [spring-boot-3.5.4.jar:3.5.4]
	at org.springframework.boot.SpringApplication.run(SpringApplication.java:1361) [spring-boot-3.5.4.jar:3.5.4]
	at org.springframework.boot.SpringApplication.run(SpringApplication.java:1350) [spring-boot-3.5.4.jar:3.5.4]
	at com.deltaexchange.trade.TradingBotApplication.main(TradingBotApplication.java:12) [classes/:?]
Caused by: java.lang.NullPointerException: Cannot invoke "com.fasterxml.jackson.databind.JsonNode.asDouble()" because the return value of "com.fasterxml.jackson.databind.JsonNode.get(String)" is null
	at com.deltaexchange.trade.service.PriceService.getLatestPrice(PriceService.java:40) ~[classes/:?]
	... 22 more
[16 Aug 2025 18:06:46,401 INFO  GracefulShutdown -GracefulShutdown.java]- Commencing graceful shutdown. Waiting for active requests to complete
[16 Aug 2025 18:06:46,438 INFO  GracefulShutdown -GracefulShutdown.java]- Graceful shutdown complete
[16 Aug 2025 18:14:43,129 WARN  DuplicateJsonObjectContextCustomizerFactory$DuplicateJsonObjectContextCustomizer -DuplicateJsonObjectContextCustomizerFactory.java]- 

Found multiple occurrences of org.json.JSONObject on the class path:

	jar:file:/C:/Users/HaiderAliKhan/.m2/repository/com/vaadin/external/google/android-json/0.0.20131108.vaadin1/android-json-0.0.20131108.vaadin1.jar!/org/json/JSONObject.class
	jar:file:/C:/Users/HaiderAliKhan/.m2/repository/org/json/json/20240303/json-20240303.jar!/org/json/JSONObject.class

You may wish to exclude one of them to ensure predictable runtime behavior

[16 Aug 2025 18:14:48,274 INFO  ConditionEvaluationReportLogger -ConditionEvaluationReportLogger.java]- 

Error starting ApplicationContext. To display the condition evaluation report re-run your application with 'debug' enabled.
[16 Aug 2025 18:14:48,307 ERROR SpringApplication -SpringApplication.java]- Application run failed
java.lang.RuntimeException: Failed to parse latest price
	at com.deltaexchange.trade.service.PriceService.getLatestPrice(PriceService.java:43) ~[classes/:?]
	at com.deltaexchange.trade.service.StartBot.startBotMain(StartBot.java:29) ~[classes/:?]
	at com.deltaexchange.trade.service.BotRunner.run(BotRunner.java:18) ~[classes/:?]
	at org.springframework.boot.SpringApplication.lambda$callRunner$5(SpringApplication.java:788) ~[spring-boot-3.5.4.jar:3.5.4]
	at org.springframework.util.function.ThrowingConsumer$1.acceptWithException(ThrowingConsumer.java:82) ~[spring-core-6.2.9.jar:6.2.9]
	at org.springframework.util.function.ThrowingConsumer.accept(ThrowingConsumer.java:60) ~[spring-core-6.2.9.jar:6.2.9]
	at org.springframework.util.function.ThrowingConsumer$1.accept(ThrowingConsumer.java:86) ~[spring-core-6.2.9.jar:6.2.9]
	at org.springframework.boot.SpringApplication.callRunner(SpringApplication.java:796) ~[spring-boot-3.5.4.jar:3.5.4]
	at org.springframework.boot.SpringApplication.callRunner(SpringApplication.java:787) ~[spring-boot-3.5.4.jar:3.5.4]
	at org.springframework.boot.SpringApplication.lambda$callRunners$3(SpringApplication.java:772) ~[spring-boot-3.5.4.jar:3.5.4]
	at java.base/java.util.stream.ForEachOps$ForEachOp$OfRef.accept(ForEachOps.java:183) ~[?:?]
	at java.base/java.util.stream.SortedOps$SizedRefSortingSink.end(SortedOps.java:357) ~[?:?]
	at java.base/java.util.stream.AbstractPipeline.copyInto(AbstractPipeline.java:510) ~[?:?]
	at java.base/java.util.stream.AbstractPipeline.wrapAndCopyInto(AbstractPipeline.java:499) ~[?:?]
	at java.base/java.util.stream.ForEachOps$ForEachOp.evaluateSequential(ForEachOps.java:150) ~[?:?]
	at java.base/java.util.stream.ForEachOps$ForEachOp$OfRef.evaluateSequential(ForEachOps.java:173) ~[?:?]
	at java.base/java.util.stream.AbstractPipeline.evaluate(AbstractPipeline.java:234) ~[?:?]
	at java.base/java.util.stream.ReferencePipeline.forEach(ReferencePipeline.java:596) ~[?:?]
	at org.springframework.boot.SpringApplication.callRunners(SpringApplication.java:772) ~[spring-boot-3.5.4.jar:3.5.4]
	at org.springframework.boot.SpringApplication.run(SpringApplication.java:325) ~[spring-boot-3.5.4.jar:3.5.4]
	at org.springframework.boot.test.context.SpringBootContextLoader.lambda$loadContext$3(SpringBootContextLoader.java:144) ~[spring-boot-test-3.5.4.jar:3.5.4]
	at org.springframework.util.function.ThrowingSupplier.get(ThrowingSupplier.java:58) ~[spring-core-6.2.9.jar:6.2.9]
	at org.springframework.util.function.ThrowingSupplier.get(ThrowingSupplier.java:46) ~[spring-core-6.2.9.jar:6.2.9]
	at org.springframework.boot.SpringApplication.withHook(SpringApplication.java:1461) ~[spring-boot-3.5.4.jar:3.5.4]
	at org.springframework.boot.test.context.SpringBootContextLoader$ContextLoaderHook.run(SpringBootContextLoader.java:563) ~[spring-boot-test-3.5.4.jar:3.5.4]
	at org.springframework.boot.test.context.SpringBootContextLoader.loadContext(SpringBootContextLoader.java:144) ~[spring-boot-test-3.5.4.jar:3.5.4]
	at org.springframework.boot.test.context.SpringBootContextLoader.loadContext(SpringBootContextLoader.java:110) ~[spring-boot-test-3.5.4.jar:3.5.4]
	at org.springframework.test.context.cache.DefaultCacheAwareContextLoaderDelegate.loadContextInternal(DefaultCacheAwareContextLoaderDelegate.java:225) ~[spring-test-6.2.9.jar:6.2.9]
	at org.springframework.test.context.cache.DefaultCacheAwareContextLoaderDelegate.loadContext(DefaultCacheAwareContextLoaderDelegate.java:152) ~[spring-test-6.2.9.jar:6.2.9]
	at org.springframework.test.context.support.DefaultTestContext.getApplicationContext(DefaultTestContext.java:130) ~[spring-test-6.2.9.jar:6.2.9]
	at org.springframework.test.context.web.ServletTestExecutionListener.setUpRequestContextIfNecessary(ServletTestExecutionListener.java:200) ~[spring-test-6.2.9.jar:6.2.9]
	at org.springframework.test.context.web.ServletTestExecutionListener.prepareTestInstance(ServletTestExecutionListener.java:139) ~[spring-test-6.2.9.jar:6.2.9]
	at org.springframework.test.context.TestContextManager.prepareTestInstance(TestContextManager.java:260) ~[spring-test-6.2.9.jar:6.2.9]
	at org.springframework.test.context.junit.jupiter.SpringExtension.postProcessTestInstance(SpringExtension.java:159) ~[spring-test-6.2.9.jar:6.2.9]
	at org.junit.jupiter.engine.descriptor.ClassBasedTestDescriptor.lambda$invokeTestInstancePostProcessors$10(ClassBasedTestDescriptor.java:383) ~[junit-jupiter-engine-5.12.2.jar:5.12.2]
	at org.junit.jupiter.engine.descriptor.ClassBasedTestDescriptor.executeAndMaskThrowable(ClassBasedTestDescriptor.java:388) ~[junit-jupiter-engine-5.12.2.jar:5.12.2]
	at org.junit.jupiter.engine.descriptor.ClassBasedTestDescriptor.lambda$invokeTestInstancePostProcessors$11(ClassBasedTestDescriptor.java:382) ~[junit-jupiter-engine-5.12.2.jar:5.12.2]
	at java.base/java.util.stream.ForEachOps$ForEachOp$OfRef.accept(ForEachOps.java:183) ~[?:?]
	at java.base/java.util.stream.ReferencePipeline$3$1.accept(ReferencePipeline.java:197) ~[?:?]
	at java.base/java.util.stream.ReferencePipeline$2$1.accept(ReferencePipeline.java:179) ~[?:?]
	at java.base/java.util.stream.ReferencePipeline$3$1.accept(ReferencePipeline.java:197) ~[?:?]
	at java.base/java.util.ArrayList$ArrayListSpliterator.forEachRemaining(ArrayList.java:1625) ~[?:?]
	at java.base/java.util.stream.AbstractPipeline.copyInto(AbstractPipeline.java:509) ~[?:?]
	at java.base/java.util.stream.AbstractPipeline.wrapAndCopyInto(AbstractPipeline.java:499) ~[?:?]
	at java.base/java.util.stream.ForEachOps$ForEachOp.evaluateSequential(ForEachOps.java:150) ~[?:?]
	at java.base/java.util.stream.ForEachOps$ForEachOp$OfRef.evaluateSequential(ForEachOps.java:173) ~[?:?]
	at java.base/java.util.stream.AbstractPipeline.evaluate(AbstractPipeline.java:234) ~[?:?]
	at java.base/java.util.stream.ReferencePipeline.forEach(ReferencePipeline.java:596) ~[?:?]
	at org.junit.jupiter.engine.descriptor.ClassBasedTestDescriptor.invokeTestInstancePostProcessors(ClassBasedTestDescriptor.java:382) ~[junit-jupiter-engine-5.12.2.jar:5.12.2]
	at org.junit.jupiter.engine.descriptor.ClassBasedTestDescriptor.lambda$instantiateAndPostProcessTestInstance$6(ClassBasedTestDescriptor.java:293) ~[junit-jupiter-engine-5.12.2.jar:5.12.2]
	at org.junit.platform.engine.support.hierarchical.ThrowableCollector.execute(ThrowableCollector.java:73) ~[junit-platform-engine-1.12.2.jar:1.12.2]
	at org.junit.jupiter.engine.descriptor.ClassBasedTestDescriptor.instantiateAndPostProcessTestInstance(ClassBasedTestDescriptor.java:292) ~[junit-jupiter-engine-5.12.2.jar:5.12.2]
	at org.junit.jupiter.engine.descriptor.ClassBasedTestDescriptor.lambda$testInstancesProvider$4(ClassBasedTestDescriptor.java:281) ~[junit-jupiter-engine-5.12.2.jar:5.12.2]
	at java.base/java.util.Optional.orElseGet(Optional.java:364) ~[?:?]
	at org.junit.jupiter.engine.descriptor.ClassBasedTestDescriptor.lambda$testInstancesProvider$5(ClassBasedTestDescriptor.java:280) ~[junit-jupiter-engine-5.12.2.jar:5.12.2]
	at org.junit.jupiter.engine.execution.TestInstancesProvider.getTestInstances(TestInstancesProvider.java:27) ~[junit-jupiter-engine-5.12.2.jar:5.12.2]
	at org.junit.jupiter.engine.descriptor.TestMethodTestDescriptor.lambda$prepare$0(TestMethodTestDescriptor.java:112) ~[junit-jupiter-engine-5.12.2.jar:5.12.2]
	at org.junit.platform.engine.support.hierarchical.ThrowableCollector.execute(ThrowableCollector.java:73) ~[junit-platform-engine-1.12.2.jar:1.12.2]
	at org.junit.jupiter.engine.descriptor.TestMethodTestDescriptor.prepare(TestMethodTestDescriptor.java:111) ~[junit-jupiter-engine-5.12.2.jar:5.12.2]
	at org.junit.jupiter.engine.descriptor.TestMethodTestDescriptor.prepare(TestMethodTestDescriptor.java:69) ~[junit-jupiter-engine-5.12.2.jar:5.12.2]
	at org.junit.platform.engine.support.hierarchical.NodeTestTask.lambda$prepare$2(NodeTestTask.java:128) ~[junit-platform-engine-1.12.2.jar:1.12.2]
	at org.junit.platform.engine.support.hierarchical.ThrowableCollector.execute(ThrowableCollector.java:73) ~[junit-platform-engine-1.12.2.jar:1.12.2]
	at org.junit.platform.engine.support.hierarchical.NodeTestTask.prepare(NodeTestTask.java:128) ~[junit-platform-engine-1.12.2.jar:1.12.2]
	at org.junit.platform.engine.support.hierarchical.NodeTestTask.execute(NodeTestTask.java:95) ~[junit-platform-engine-1.12.2.jar:1.12.2]
	at java.base/java.util.ArrayList.forEach(ArrayList.java:1511) ~[?:?]
	at org.junit.platform.engine.support.hierarchical.SameThreadHierarchicalTestExecutorService.invokeAll(SameThreadHierarchicalTestExecutorService.java:41) ~[junit-platform-engine-1.12.2.jar:1.12.2]
	at org.junit.platform.engine.support.hierarchical.NodeTestTask.lambda$executeRecursively$6(NodeTestTask.java:160) ~[junit-platform-engine-1.12.2.jar:1.12.2]
	at org.junit.platform.engine.support.hierarchical.ThrowableCollector.execute(ThrowableCollector.java:73) ~[junit-platform-engine-1.12.2.jar:1.12.2]
	at org.junit.platform.engine.support.hierarchical.NodeTestTask.lambda$executeRecursively$8(NodeTestTask.java:146) ~[junit-platform-engine-1.12.2.jar:1.12.2]
	at org.junit.platform.engine.support.hierarchical.Node.around(Node.java:137) ~[junit-platform-engine-1.12.2.jar:1.12.2]
	at org.junit.platform.engine.support.hierarchical.NodeTestTask.lambda$executeRecursively$9(NodeTestTask.java:144) ~[junit-platform-engine-1.12.2.jar:1.12.2]
	at org.junit.platform.engine.support.hierarchical.ThrowableCollector.execute(ThrowableCollector.java:73) ~[junit-platform-engine-1.12.2.jar:1.12.2]
	at org.junit.platform.engine.support.hierarchical.NodeTestTask.executeRecursively(NodeTestTask.java:143) ~[junit-platform-engine-1.12.2.jar:1.12.2]
	at org.junit.platform.engine.support.hierarchical.NodeTestTask.execute(NodeTestTask.java:100) ~[junit-platform-engine-1.12.2.jar:1.12.2]
	at java.base/java.util.ArrayList.forEach(ArrayList.java:1511) ~[?:?]
	at org.junit.platform.engine.support.hierarchical.SameThreadHierarchicalTestExecutorService.invokeAll(SameThreadHierarchicalTestExecutorService.java:41) ~[junit-platform-engine-1.12.2.jar:1.12.2]
	at org.junit.platform.engine.support.hierarchical.NodeTestTask.lambda$executeRecursively$6(NodeTestTask.java:160) ~[junit-platform-engine-1.12.2.jar:1.12.2]
	at org.junit.platform.engine.support.hierarchical.ThrowableCollector.execute(ThrowableCollector.java:73) ~[junit-platform-engine-1.12.2.jar:1.12.2]
	at org.junit.platform.engine.support.hierarchical.NodeTestTask.lambda$executeRecursively$8(NodeTestTask.java:146) ~[junit-platform-engine-1.12.2.jar:1.12.2]
	at org.junit.platform.engine.support.hierarchical.Node.around(Node.java:137) ~[junit-platform-engine-1.12.2.jar:1.12.2]
	at org.junit.platform.engine.support.hierarchical.NodeTestTask.lambda$executeRecursively$9(NodeTestTask.java:144) ~[junit-platform-engine-1.12.2.jar:1.12.2]
	at org.junit.platform.engine.support.hierarchical.ThrowableCollector.execute(ThrowableCollector.java:73) ~[junit-platform-engine-1.12.2.jar:1.12.2]
	at org.junit.platform.engine.support.hierarchical.NodeTestTask.executeRecursively(NodeTestTask.java:143) ~[junit-platform-engine-1.12.2.jar:1.12.2]
	at org.junit.platform.engine.support.hierarchical.NodeTestTask.execute(NodeTestTask.java:100) ~[junit-platform-engine-1.12.2.jar:1.12.2]
	at org.junit.platform.engine.support.hierarchical.SameThreadHierarchicalTestExecutorService.submit(SameThreadHierarchicalTestExecutorService.java:35) ~[junit-platform-engine-1.12.2.jar:1.12.2]
	at org.junit.platform.engine.support.hierarchical.HierarchicalTestExecutor.execute(HierarchicalTestExecutor.java:57) ~[junit-platform-engine-1.12.2.jar:1.12.2]
	at org.junit.platform.engine.support.hierarchical.HierarchicalTestEngine.execute(HierarchicalTestEngine.java:54) ~[junit-platform-engine-1.12.2.jar:1.12.2]
	at org.junit.platform.launcher.core.EngineExecutionOrchestrator.execute(EngineExecutionOrchestrator.java:201) ~[junit-platform-launcher-1.12.2.jar:1.12.2]
	at org.junit.platform.launcher.core.EngineExecutionOrchestrator.execute(EngineExecutionOrchestrator.java:170) ~[junit-platform-launcher-1.12.2.jar:1.12.2]
	at org.junit.platform.launcher.core.EngineExecutionOrchestrator.execute(EngineExecutionOrchestrator.java:94) ~[junit-platform-launcher-1.12.2.jar:1.12.2]
	at org.junit.platform.launcher.core.EngineExecutionOrchestrator.lambda$execute$0(EngineExecutionOrchestrator.java:59) ~[junit-platform-launcher-1.12.2.jar:1.12.2]
	at org.junit.platform.launcher.core.EngineExecutionOrchestrator.withInterceptedStreams(EngineExecutionOrchestrator.java:142) ~[junit-platform-launcher-1.12.2.jar:1.12.2]
	at org.junit.platform.launcher.core.EngineExecutionOrchestrator.execute(EngineExecutionOrchestrator.java:58) ~[junit-platform-launcher-1.12.2.jar:1.12.2]
	at org.junit.platform.launcher.core.DefaultLauncher.execute(DefaultLauncher.java:103) ~[junit-platform-launcher-1.12.2.jar:1.12.2]
	at org.junit.platform.launcher.core.DefaultLauncher.execute(DefaultLauncher.java:85) ~[junit-platform-launcher-1.12.2.jar:1.12.2]
	at org.junit.platform.launcher.core.DelegatingLauncher.execute(DelegatingLauncher.java:47) ~[junit-platform-launcher-1.12.2.jar:1.12.2]
	at org.junit.platform.launcher.core.InterceptingLauncher.lambda$execute$1(InterceptingLauncher.java:39) ~[junit-platform-launcher-1.12.2.jar:1.12.2]
	at org.junit.platform.launcher.core.ClasspathAlignmentCheckingLauncherInterceptor.intercept(ClasspathAlignmentCheckingLauncherInterceptor.java:25) [junit-platform-launcher-1.12.2.jar:1.12.2]
	at org.junit.platform.launcher.core.InterceptingLauncher.execute(InterceptingLauncher.java:38) [junit-platform-launcher-1.12.2.jar:1.12.2]
	at org.junit.platform.launcher.core.DelegatingLauncher.execute(DelegatingLauncher.java:47) [junit-platform-launcher-1.12.2.jar:1.12.2]
	at org.apache.maven.surefire.junitplatform.LazyLauncher.execute(LazyLauncher.java:56) [surefire-junit-platform-3.5.3.jar:3.5.3]
	at org.apache.maven.surefire.junitplatform.JUnitPlatformProvider.execute(JUnitPlatformProvider.java:194) [surefire-junit-platform-3.5.3.jar:3.5.3]
	at org.apache.maven.surefire.junitplatform.JUnitPlatformProvider.invokeAllTests(JUnitPlatformProvider.java:150) [surefire-junit-platform-3.5.3.jar:3.5.3]
	at org.apache.maven.surefire.junitplatform.JUnitPlatformProvider.invoke(JUnitPlatformProvider.java:124) [surefire-junit-platform-3.5.3.jar:3.5.3]
	at org.apache.maven.surefire.booter.ForkedBooter.runSuitesInProcess(ForkedBooter.java:385) [surefire-booter-3.5.3.jar:3.5.3]
	at org.apache.maven.surefire.booter.ForkedBooter.execute(ForkedBooter.java:162) [surefire-booter-3.5.3.jar:3.5.3]
	at org.apache.maven.surefire.booter.ForkedBooter.run(ForkedBooter.java:507) [surefire-booter-3.5.3.jar:3.5.3]
	at org.apache.maven.surefire.booter.ForkedBooter.main(ForkedBooter.java:495) [surefire-booter-3.5.3.jar:3.5.3]
Caused by: java.lang.NullPointerException: Cannot invoke "com.fasterxml.jackson.databind.JsonNode.asDouble()" because the return value of "com.fasterxml.jackson.databind.JsonNode.get(String)" is null
	at com.deltaexchange.trade.service.PriceService.getLatestPrice(PriceService.java:40) ~[classes/:?]
	... 107 more
[16 Aug 2025 18:17:41,739 WARN  DuplicateJsonObjectContextCustomizerFactory$DuplicateJsonObjectContextCustomizer -DuplicateJsonObjectContextCustomizerFactory.java]- 

Found multiple occurrences of org.json.JSONObject on the class path:

	jar:file:/C:/Users/HaiderAliKhan/.m2/repository/com/vaadin/external/google/android-json/0.0.20131108.vaadin1/android-json-0.0.20131108.vaadin1.jar!/org/json/JSONObject.class
	jar:file:/C:/Users/HaiderAliKhan/.m2/repository/org/json/json/20240303/json-20240303.jar!/org/json/JSONObject.class

You may wish to exclude one of them to ensure predictable runtime behavior

[16 Aug 2025 18:17:46,681 INFO  ConditionEvaluationReportLogger -ConditionEvaluationReportLogger.java]- 

Error starting ApplicationContext. To display the condition evaluation report re-run your application with 'debug' enabled.
[16 Aug 2025 18:17:46,716 ERROR SpringApplication -SpringApplication.java]- Application run failed
java.lang.RuntimeException: Failed to parse latest price
	at com.deltaexchange.trade.service.PriceService.getLatestPrice(PriceService.java:43) ~[classes/:?]
	at com.deltaexchange.trade.service.StartBot.startBotMain(StartBot.java:29) ~[classes/:?]
	at com.deltaexchange.trade.service.BotRunner.run(BotRunner.java:18) ~[classes/:?]
	at org.springframework.boot.SpringApplication.lambda$callRunner$5(SpringApplication.java:788) ~[spring-boot-3.5.4.jar:3.5.4]
	at org.springframework.util.function.ThrowingConsumer$1.acceptWithException(ThrowingConsumer.java:82) ~[spring-core-6.2.9.jar:6.2.9]
	at org.springframework.util.function.ThrowingConsumer.accept(ThrowingConsumer.java:60) ~[spring-core-6.2.9.jar:6.2.9]
	at org.springframework.util.function.ThrowingConsumer$1.accept(ThrowingConsumer.java:86) ~[spring-core-6.2.9.jar:6.2.9]
	at org.springframework.boot.SpringApplication.callRunner(SpringApplication.java:796) ~[spring-boot-3.5.4.jar:3.5.4]
	at org.springframework.boot.SpringApplication.callRunner(SpringApplication.java:787) ~[spring-boot-3.5.4.jar:3.5.4]
	at org.springframework.boot.SpringApplication.lambda$callRunners$3(SpringApplication.java:772) ~[spring-boot-3.5.4.jar:3.5.4]
	at java.base/java.util.stream.ForEachOps$ForEachOp$OfRef.accept(ForEachOps.java:183) ~[?:?]
	at java.base/java.util.stream.SortedOps$SizedRefSortingSink.end(SortedOps.java:357) ~[?:?]
	at java.base/java.util.stream.AbstractPipeline.copyInto(AbstractPipeline.java:510) ~[?:?]
	at java.base/java.util.stream.AbstractPipeline.wrapAndCopyInto(AbstractPipeline.java:499) ~[?:?]
	at java.base/java.util.stream.ForEachOps$ForEachOp.evaluateSequential(ForEachOps.java:150) ~[?:?]
	at java.base/java.util.stream.ForEachOps$ForEachOp$OfRef.evaluateSequential(ForEachOps.java:173) ~[?:?]
	at java.base/java.util.stream.AbstractPipeline.evaluate(AbstractPipeline.java:234) ~[?:?]
	at java.base/java.util.stream.ReferencePipeline.forEach(ReferencePipeline.java:596) ~[?:?]
	at org.springframework.boot.SpringApplication.callRunners(SpringApplication.java:772) ~[spring-boot-3.5.4.jar:3.5.4]
	at org.springframework.boot.SpringApplication.run(SpringApplication.java:325) ~[spring-boot-3.5.4.jar:3.5.4]
	at org.springframework.boot.test.context.SpringBootContextLoader.lambda$loadContext$3(SpringBootContextLoader.java:144) ~[spring-boot-test-3.5.4.jar:3.5.4]
	at org.springframework.util.function.ThrowingSupplier.get(ThrowingSupplier.java:58) ~[spring-core-6.2.9.jar:6.2.9]
	at org.springframework.util.function.ThrowingSupplier.get(ThrowingSupplier.java:46) ~[spring-core-6.2.9.jar:6.2.9]
	at org.springframework.boot.SpringApplication.withHook(SpringApplication.java:1461) ~[spring-boot-3.5.4.jar:3.5.4]
	at org.springframework.boot.test.context.SpringBootContextLoader$ContextLoaderHook.run(SpringBootContextLoader.java:563) ~[spring-boot-test-3.5.4.jar:3.5.4]
	at org.springframework.boot.test.context.SpringBootContextLoader.loadContext(SpringBootContextLoader.java:144) ~[spring-boot-test-3.5.4.jar:3.5.4]
	at org.springframework.boot.test.context.SpringBootContextLoader.loadContext(SpringBootContextLoader.java:110) ~[spring-boot-test-3.5.4.jar:3.5.4]
	at org.springframework.test.context.cache.DefaultCacheAwareContextLoaderDelegate.loadContextInternal(DefaultCacheAwareContextLoaderDelegate.java:225) ~[spring-test-6.2.9.jar:6.2.9]
	at org.springframework.test.context.cache.DefaultCacheAwareContextLoaderDelegate.loadContext(DefaultCacheAwareContextLoaderDelegate.java:152) ~[spring-test-6.2.9.jar:6.2.9]
	at org.springframework.test.context.support.DefaultTestContext.getApplicationContext(DefaultTestContext.java:130) ~[spring-test-6.2.9.jar:6.2.9]
	at org.springframework.test.context.web.ServletTestExecutionListener.setUpRequestContextIfNecessary(ServletTestExecutionListener.java:200) ~[spring-test-6.2.9.jar:6.2.9]
	at org.springframework.test.context.web.ServletTestExecutionListener.prepareTestInstance(ServletTestExecutionListener.java:139) ~[spring-test-6.2.9.jar:6.2.9]
	at org.springframework.test.context.TestContextManager.prepareTestInstance(TestContextManager.java:260) ~[spring-test-6.2.9.jar:6.2.9]
	at org.springframework.test.context.junit.jupiter.SpringExtension.postProcessTestInstance(SpringExtension.java:159) ~[spring-test-6.2.9.jar:6.2.9]
	at org.junit.jupiter.engine.descriptor.ClassBasedTestDescriptor.lambda$invokeTestInstancePostProcessors$10(ClassBasedTestDescriptor.java:383) ~[junit-jupiter-engine-5.12.2.jar:5.12.2]
	at org.junit.jupiter.engine.descriptor.ClassBasedTestDescriptor.executeAndMaskThrowable(ClassBasedTestDescriptor.java:388) ~[junit-jupiter-engine-5.12.2.jar:5.12.2]
	at org.junit.jupiter.engine.descriptor.ClassBasedTestDescriptor.lambda$invokeTestInstancePostProcessors$11(ClassBasedTestDescriptor.java:382) ~[junit-jupiter-engine-5.12.2.jar:5.12.2]
	at java.base/java.util.stream.ForEachOps$ForEachOp$OfRef.accept(ForEachOps.java:183) ~[?:?]
	at java.base/java.util.stream.ReferencePipeline$3$1.accept(ReferencePipeline.java:197) ~[?:?]
	at java.base/java.util.stream.ReferencePipeline$2$1.accept(ReferencePipeline.java:179) ~[?:?]
	at java.base/java.util.stream.ReferencePipeline$3$1.accept(ReferencePipeline.java:197) ~[?:?]
	at java.base/java.util.ArrayList$ArrayListSpliterator.forEachRemaining(ArrayList.java:1625) ~[?:?]
	at java.base/java.util.stream.AbstractPipeline.copyInto(AbstractPipeline.java:509) ~[?:?]
	at java.base/java.util.stream.AbstractPipeline.wrapAndCopyInto(AbstractPipeline.java:499) ~[?:?]
	at java.base/java.util.stream.ForEachOps$ForEachOp.evaluateSequential(ForEachOps.java:150) ~[?:?]
	at java.base/java.util.stream.ForEachOps$ForEachOp$OfRef.evaluateSequential(ForEachOps.java:173) ~[?:?]
	at java.base/java.util.stream.AbstractPipeline.evaluate(AbstractPipeline.java:234) ~[?:?]
	at java.base/java.util.stream.ReferencePipeline.forEach(ReferencePipeline.java:596) ~[?:?]
	at org.junit.jupiter.engine.descriptor.ClassBasedTestDescriptor.invokeTestInstancePostProcessors(ClassBasedTestDescriptor.java:382) ~[junit-jupiter-engine-5.12.2.jar:5.12.2]
	at org.junit.jupiter.engine.descriptor.ClassBasedTestDescriptor.lambda$instantiateAndPostProcessTestInstance$6(ClassBasedTestDescriptor.java:293) ~[junit-jupiter-engine-5.12.2.jar:5.12.2]
	at org.junit.platform.engine.support.hierarchical.ThrowableCollector.execute(ThrowableCollector.java:73) ~[junit-platform-engine-1.12.2.jar:1.12.2]
	at org.junit.jupiter.engine.descriptor.ClassBasedTestDescriptor.instantiateAndPostProcessTestInstance(ClassBasedTestDescriptor.java:292) ~[junit-jupiter-engine-5.12.2.jar:5.12.2]
	at org.junit.jupiter.engine.descriptor.ClassBasedTestDescriptor.lambda$testInstancesProvider$4(ClassBasedTestDescriptor.java:281) ~[junit-jupiter-engine-5.12.2.jar:5.12.2]
	at java.base/java.util.Optional.orElseGet(Optional.java:364) ~[?:?]
	at org.junit.jupiter.engine.descriptor.ClassBasedTestDescriptor.lambda$testInstancesProvider$5(ClassBasedTestDescriptor.java:280) ~[junit-jupiter-engine-5.12.2.jar:5.12.2]
	at org.junit.jupiter.engine.execution.TestInstancesProvider.getTestInstances(TestInstancesProvider.java:27) ~[junit-jupiter-engine-5.12.2.jar:5.12.2]
	at org.junit.jupiter.engine.descriptor.TestMethodTestDescriptor.lambda$prepare$0(TestMethodTestDescriptor.java:112) ~[junit-jupiter-engine-5.12.2.jar:5.12.2]
	at org.junit.platform.engine.support.hierarchical.ThrowableCollector.execute(ThrowableCollector.java:73) ~[junit-platform-engine-1.12.2.jar:1.12.2]
	at org.junit.jupiter.engine.descriptor.TestMethodTestDescriptor.prepare(TestMethodTestDescriptor.java:111) ~[junit-jupiter-engine-5.12.2.jar:5.12.2]
	at org.junit.jupiter.engine.descriptor.TestMethodTestDescriptor.prepare(TestMethodTestDescriptor.java:69) ~[junit-jupiter-engine-5.12.2.jar:5.12.2]
	at org.junit.platform.engine.support.hierarchical.NodeTestTask.lambda$prepare$2(NodeTestTask.java:128) ~[junit-platform-engine-1.12.2.jar:1.12.2]
	at org.junit.platform.engine.support.hierarchical.ThrowableCollector.execute(ThrowableCollector.java:73) ~[junit-platform-engine-1.12.2.jar:1.12.2]
	at org.junit.platform.engine.support.hierarchical.NodeTestTask.prepare(NodeTestTask.java:128) ~[junit-platform-engine-1.12.2.jar:1.12.2]
	at org.junit.platform.engine.support.hierarchical.NodeTestTask.execute(NodeTestTask.java:95) ~[junit-platform-engine-1.12.2.jar:1.12.2]
	at java.base/java.util.ArrayList.forEach(ArrayList.java:1511) ~[?:?]
	at org.junit.platform.engine.support.hierarchical.SameThreadHierarchicalTestExecutorService.invokeAll(SameThreadHierarchicalTestExecutorService.java:41) ~[junit-platform-engine-1.12.2.jar:1.12.2]
	at org.junit.platform.engine.support.hierarchical.NodeTestTask.lambda$executeRecursively$6(NodeTestTask.java:160) ~[junit-platform-engine-1.12.2.jar:1.12.2]
	at org.junit.platform.engine.support.hierarchical.ThrowableCollector.execute(ThrowableCollector.java:73) ~[junit-platform-engine-1.12.2.jar:1.12.2]
	at org.junit.platform.engine.support.hierarchical.NodeTestTask.lambda$executeRecursively$8(NodeTestTask.java:146) ~[junit-platform-engine-1.12.2.jar:1.12.2]
	at org.junit.platform.engine.support.hierarchical.Node.around(Node.java:137) ~[junit-platform-engine-1.12.2.jar:1.12.2]
	at org.junit.platform.engine.support.hierarchical.NodeTestTask.lambda$executeRecursively$9(NodeTestTask.java:144) ~[junit-platform-engine-1.12.2.jar:1.12.2]
	at org.junit.platform.engine.support.hierarchical.ThrowableCollector.execute(ThrowableCollector.java:73) ~[junit-platform-engine-1.12.2.jar:1.12.2]
	at org.junit.platform.engine.support.hierarchical.NodeTestTask.executeRecursively(NodeTestTask.java:143) ~[junit-platform-engine-1.12.2.jar:1.12.2]
	at org.junit.platform.engine.support.hierarchical.NodeTestTask.execute(NodeTestTask.java:100) ~[junit-platform-engine-1.12.2.jar:1.12.2]
	at java.base/java.util.ArrayList.forEach(ArrayList.java:1511) ~[?:?]
	at org.junit.platform.engine.support.hierarchical.SameThreadHierarchicalTestExecutorService.invokeAll(SameThreadHierarchicalTestExecutorService.java:41) ~[junit-platform-engine-1.12.2.jar:1.12.2]
	at org.junit.platform.engine.support.hierarchical.NodeTestTask.lambda$executeRecursively$6(NodeTestTask.java:160) ~[junit-platform-engine-1.12.2.jar:1.12.2]
	at org.junit.platform.engine.support.hierarchical.ThrowableCollector.execute(ThrowableCollector.java:73) ~[junit-platform-engine-1.12.2.jar:1.12.2]
	at org.junit.platform.engine.support.hierarchical.NodeTestTask.lambda$executeRecursively$8(NodeTestTask.java:146) ~[junit-platform-engine-1.12.2.jar:1.12.2]
	at org.junit.platform.engine.support.hierarchical.Node.around(Node.java:137) ~[junit-platform-engine-1.12.2.jar:1.12.2]
	at org.junit.platform.engine.support.hierarchical.NodeTestTask.lambda$executeRecursively$9(NodeTestTask.java:144) ~[junit-platform-engine-1.12.2.jar:1.12.2]
	at org.junit.platform.engine.support.hierarchical.ThrowableCollector.execute(ThrowableCollector.java:73) ~[junit-platform-engine-1.12.2.jar:1.12.2]
	at org.junit.platform.engine.support.hierarchical.NodeTestTask.executeRecursively(NodeTestTask.java:143) ~[junit-platform-engine-1.12.2.jar:1.12.2]
	at org.junit.platform.engine.support.hierarchical.NodeTestTask.execute(NodeTestTask.java:100) ~[junit-platform-engine-1.12.2.jar:1.12.2]
	at org.junit.platform.engine.support.hierarchical.SameThreadHierarchicalTestExecutorService.submit(SameThreadHierarchicalTestExecutorService.java:35) ~[junit-platform-engine-1.12.2.jar:1.12.2]
	at org.junit.platform.engine.support.hierarchical.HierarchicalTestExecutor.execute(HierarchicalTestExecutor.java:57) ~[junit-platform-engine-1.12.2.jar:1.12.2]
	at org.junit.platform.engine.support.hierarchical.HierarchicalTestEngine.execute(HierarchicalTestEngine.java:54) ~[junit-platform-engine-1.12.2.jar:1.12.2]
	at org.junit.platform.launcher.core.EngineExecutionOrchestrator.execute(EngineExecutionOrchestrator.java:201) ~[junit-platform-launcher-1.12.2.jar:1.12.2]
	at org.junit.platform.launcher.core.EngineExecutionOrchestrator.execute(EngineExecutionOrchestrator.java:170) ~[junit-platform-launcher-1.12.2.jar:1.12.2]
	at org.junit.platform.launcher.core.EngineExecutionOrchestrator.execute(EngineExecutionOrchestrator.java:94) ~[junit-platform-launcher-1.12.2.jar:1.12.2]
	at org.junit.platform.launcher.core.EngineExecutionOrchestrator.lambda$execute$0(EngineExecutionOrchestrator.java:59) ~[junit-platform-launcher-1.12.2.jar:1.12.2]
	at org.junit.platform.launcher.core.EngineExecutionOrchestrator.withInterceptedStreams(EngineExecutionOrchestrator.java:142) ~[junit-platform-launcher-1.12.2.jar:1.12.2]
	at org.junit.platform.launcher.core.EngineExecutionOrchestrator.execute(EngineExecutionOrchestrator.java:58) ~[junit-platform-launcher-1.12.2.jar:1.12.2]
	at org.junit.platform.launcher.core.DefaultLauncher.execute(DefaultLauncher.java:103) ~[junit-platform-launcher-1.12.2.jar:1.12.2]
	at org.junit.platform.launcher.core.DefaultLauncher.execute(DefaultLauncher.java:85) ~[junit-platform-launcher-1.12.2.jar:1.12.2]
	at org.junit.platform.launcher.core.DelegatingLauncher.execute(DelegatingLauncher.java:47) ~[junit-platform-launcher-1.12.2.jar:1.12.2]
	at org.junit.platform.launcher.core.InterceptingLauncher.lambda$execute$1(InterceptingLauncher.java:39) ~[junit-platform-launcher-1.12.2.jar:1.12.2]
	at org.junit.platform.launcher.core.ClasspathAlignmentCheckingLauncherInterceptor.intercept(ClasspathAlignmentCheckingLauncherInterceptor.java:25) [junit-platform-launcher-1.12.2.jar:1.12.2]
	at org.junit.platform.launcher.core.InterceptingLauncher.execute(InterceptingLauncher.java:38) [junit-platform-launcher-1.12.2.jar:1.12.2]
	at org.junit.platform.launcher.core.DelegatingLauncher.execute(DelegatingLauncher.java:47) [junit-platform-launcher-1.12.2.jar:1.12.2]
	at org.apache.maven.surefire.junitplatform.LazyLauncher.execute(LazyLauncher.java:56) [surefire-junit-platform-3.5.3.jar:3.5.3]
	at org.apache.maven.surefire.junitplatform.JUnitPlatformProvider.execute(JUnitPlatformProvider.java:194) [surefire-junit-platform-3.5.3.jar:3.5.3]
	at org.apache.maven.surefire.junitplatform.JUnitPlatformProvider.invokeAllTests(JUnitPlatformProvider.java:150) [surefire-junit-platform-3.5.3.jar:3.5.3]
	at org.apache.maven.surefire.junitplatform.JUnitPlatformProvider.invoke(JUnitPlatformProvider.java:124) [surefire-junit-platform-3.5.3.jar:3.5.3]
	at org.apache.maven.surefire.booter.ForkedBooter.runSuitesInProcess(ForkedBooter.java:385) [surefire-booter-3.5.3.jar:3.5.3]
	at org.apache.maven.surefire.booter.ForkedBooter.execute(ForkedBooter.java:162) [surefire-booter-3.5.3.jar:3.5.3]
	at org.apache.maven.surefire.booter.ForkedBooter.run(ForkedBooter.java:507) [surefire-booter-3.5.3.jar:3.5.3]
	at org.apache.maven.surefire.booter.ForkedBooter.main(ForkedBooter.java:495) [surefire-booter-3.5.3.jar:3.5.3]
Caused by: java.lang.NullPointerException: Cannot invoke "com.fasterxml.jackson.databind.JsonNode.asDouble()" because the return value of "com.fasterxml.jackson.databind.JsonNode.get(String)" is null
	at com.deltaexchange.trade.service.PriceService.getLatestPrice(PriceService.java:40) ~[classes/:?]
	... 107 more
[16 Aug 2025 18:20:47,163 INFO  TomcatWebServer -TomcatWebServer.java]- Tomcat initialized with port 8080 (http)
[16 Aug 2025 18:20:47,194 INFO  StandardService -DirectJDKLog.java]- Starting service [Tomcat]
[16 Aug 2025 18:20:47,195 INFO  StandardEngine -DirectJDKLog.java]- Starting Servlet engine: [Apache Tomcat/10.1.43]
[16 Aug 2025 18:20:47,272 INFO  [/] -DirectJDKLog.java]- Initializing Spring embedded WebApplicationContext
[16 Aug 2025 18:20:47,274 INFO  ServletWebServerApplicationContext -ServletWebServerApplicationContext.java]- Root WebApplicationContext: initialization completed in 2056 ms
[16 Aug 2025 18:20:48,665 INFO  TomcatWebServer -TomcatWebServer.java]- Tomcat started on port 8080 (http) with context path '/'
[16 Aug 2025 18:20:50,662 INFO  ConditionEvaluationReportLogger -ConditionEvaluationReportLogger.java]- 

Error starting ApplicationContext. To display the condition evaluation report re-run your application with 'debug' enabled.
[16 Aug 2025 18:20:50,685 ERROR SpringApplication -SpringApplication.java]- Application run failed
org.springframework.web.reactive.function.client.WebClientResponseException$Unauthorized: 401 Unauthorized from GET https://api.india.delta.exchange/v2/positions/margined
	at org.springframework.web.reactive.function.client.WebClientResponseException.create(WebClientResponseException.java:322) ~[spring-webflux-6.2.9.jar:6.2.9]
	Suppressed: reactor.core.publisher.FluxOnAssembly$OnAssemblyException: 
Error has been observed at the following site(s):
	*__checkpoint ? 401 UNAUTHORIZED from GET https://api.india.delta.exchange/v2/positions/margined [DefaultWebClient]
Original Stack Trace:
		at org.springframework.web.reactive.function.client.WebClientResponseException.create(WebClientResponseException.java:322) ~[spring-webflux-6.2.9.jar:6.2.9]
		at org.springframework.web.reactive.function.client.DefaultClientResponse.lambda$createException$1(DefaultClientResponse.java:214) ~[spring-webflux-6.2.9.jar:6.2.9]
		at reactor.core.publisher.FluxMap$MapSubscriber.onNext(FluxMap.java:106) ~[reactor-core-3.7.8.jar:3.7.8]
		at reactor.core.publisher.FluxOnErrorReturn$ReturnSubscriber.onNext(FluxOnErrorReturn.java:162) ~[reactor-core-3.7.8.jar:3.7.8]
		at reactor.core.publisher.FluxDefaultIfEmpty$DefaultIfEmptySubscriber.onNext(FluxDefaultIfEmpty.java:122) ~[reactor-core-3.7.8.jar:3.7.8]
		at reactor.core.publisher.FluxMapFuseable$MapFuseableSubscriber.onNext(FluxMapFuseable.java:129) ~[reactor-core-3.7.8.jar:3.7.8]
		at reactor.core.publisher.FluxContextWrite$ContextWriteSubscriber.onNext(FluxContextWrite.java:107) ~[reactor-core-3.7.8.jar:3.7.8]
		at reactor.core.publisher.FluxMapFuseable$MapFuseableConditionalSubscriber.onNext(FluxMapFuseable.java:299) ~[reactor-core-3.7.8.jar:3.7.8]
		at reactor.core.publisher.FluxFilterFuseable$FilterFuseableConditionalSubscriber.onNext(FluxFilterFuseable.java:337) ~[reactor-core-3.7.8.jar:3.7.8]
		at reactor.core.publisher.Operators$BaseFluxToMonoOperator.completePossiblyEmpty(Operators.java:2096) ~[reactor-core-3.7.8.jar:3.7.8]
		at reactor.core.publisher.MonoCollect$CollectSubscriber.onComplete(MonoCollect.java:145) ~[reactor-core-3.7.8.jar:3.7.8]
		at reactor.core.publisher.FluxMap$MapSubscriber.onComplete(FluxMap.java:144) ~[reactor-core-3.7.8.jar:3.7.8]
		at reactor.core.publisher.FluxPeek$PeekSubscriber.onComplete(FluxPeek.java:260) ~[reactor-core-3.7.8.jar:3.7.8]
		at reactor.core.publisher.FluxMap$MapSubscriber.onComplete(FluxMap.java:144) ~[reactor-core-3.7.8.jar:3.7.8]
		at reactor.netty.channel.FluxReceive.onInboundComplete(FluxReceive.java:413) ~[reactor-netty-core-1.2.8.jar:1.2.8]
		at reactor.netty.channel.ChannelOperations.onInboundComplete(ChannelOperations.java:455) ~[reactor-netty-core-1.2.8.jar:1.2.8]
		at reactor.netty.channel.ChannelOperations.terminate(ChannelOperations.java:509) ~[reactor-netty-core-1.2.8.jar:1.2.8]
		at reactor.netty.http.client.HttpClientOperations.onInboundNext(HttpClientOperations.java:821) ~[reactor-netty-http-1.2.8.jar:1.2.8]
		at reactor.netty.channel.ChannelOperationsHandler.channelRead(ChannelOperationsHandler.java:115) ~[reactor-netty-core-1.2.8.jar:1.2.8]
		at io.netty.channel.AbstractChannelHandlerContext.invokeChannelRead(AbstractChannelHandlerContext.java:444) ~[netty-transport-4.1.123.Final.jar:4.1.123.Final]
		at io.netty.channel.AbstractChannelHandlerContext.invokeChannelRead(AbstractChannelHandlerContext.java:420) ~[netty-transport-4.1.123.Final.jar:4.1.123.Final]
		at io.netty.channel.AbstractChannelHandlerContext.fireChannelRead(AbstractChannelHandlerContext.java:412) ~[netty-transport-4.1.123.Final.jar:4.1.123.Final]
		at io.netty.channel.CombinedChannelDuplexHandler$DelegatingChannelHandlerContext.fireChannelRead(CombinedChannelDuplexHandler.java:436) ~[netty-transport-4.1.123.Final.jar:4.1.123.Final]
		at io.netty.handler.codec.ByteToMessageDecoder.fireChannelRead(ByteToMessageDecoder.java:346) ~[netty-codec-4.1.123.Final.jar:4.1.123.Final]
		at io.netty.handler.codec.ByteToMessageDecoder.channelRead(ByteToMessageDecoder.java:318) ~[netty-codec-4.1.123.Final.jar:4.1.123.Final]
		at io.netty.channel.CombinedChannelDuplexHandler.channelRead(CombinedChannelDuplexHandler.java:251) ~[netty-transport-4.1.123.Final.jar:4.1.123.Final]
		at io.netty.channel.AbstractChannelHandlerContext.invokeChannelRead(AbstractChannelHandlerContext.java:442) ~[netty-transport-4.1.123.Final.jar:4.1.123.Final]
		at io.netty.channel.AbstractChannelHandlerContext.invokeChannelRead(AbstractChannelHandlerContext.java:420) ~[netty-transport-4.1.123.Final.jar:4.1.123.Final]
		at io.netty.channel.AbstractChannelHandlerContext.fireChannelRead(AbstractChannelHandlerContext.java:412) ~[netty-transport-4.1.123.Final.jar:4.1.123.Final]
		at io.netty.handler.ssl.SslHandler.unwrap(SslHandler.java:1519) ~[netty-handler-4.1.123.Final.jar:4.1.123.Final]
		at io.netty.handler.ssl.SslHandler.decodeJdkCompatible(SslHandler.java:1377) ~[netty-handler-4.1.123.Final.jar:4.1.123.Final]
		at io.netty.handler.ssl.SslHandler.decode(SslHandler.java:1428) ~[netty-handler-4.1.123.Final.jar:4.1.123.Final]
		at io.netty.handler.codec.ByteToMessageDecoder.decodeRemovalReentryProtection(ByteToMessageDecoder.java:530) ~[netty-codec-4.1.123.Final.jar:4.1.123.Final]
		at io.netty.handler.codec.ByteToMessageDecoder.callDecode(ByteToMessageDecoder.java:469) ~[netty-codec-4.1.123.Final.jar:4.1.123.Final]
		at io.netty.handler.codec.ByteToMessageDecoder.channelRead(ByteToMessageDecoder.java:290) ~[netty-codec-4.1.123.Final.jar:4.1.123.Final]
		at io.netty.channel.AbstractChannelHandlerContext.invokeChannelRead(AbstractChannelHandlerContext.java:444) ~[netty-transport-4.1.123.Final.jar:4.1.123.Final]
		at io.netty.channel.AbstractChannelHandlerContext.invokeChannelRead(AbstractChannelHandlerContext.java:420) ~[netty-transport-4.1.123.Final.jar:4.1.123.Final]
		at io.netty.channel.AbstractChannelHandlerContext.fireChannelRead(AbstractChannelHandlerContext.java:412) ~[netty-transport-4.1.123.Final.jar:4.1.123.Final]
		at io.netty.channel.DefaultChannelPipeline$HeadContext.channelRead(DefaultChannelPipeline.java:1357) ~[netty-transport-4.1.123.Final.jar:4.1.123.Final]
		at io.netty.channel.AbstractChannelHandlerContext.invokeChannelRead(AbstractChannelHandlerContext.java:440) ~[netty-transport-4.1.123.Final.jar:4.1.123.Final]
		at io.netty.channel.AbstractChannelHandlerContext.invokeChannelRead(AbstractChannelHandlerContext.java:420) ~[netty-transport-4.1.123.Final.jar:4.1.123.Final]
		at io.netty.channel.DefaultChannelPipeline.fireChannelRead(DefaultChannelPipeline.java:868) ~[netty-transport-4.1.123.Final.jar:4.1.123.Final]
		at io.netty.channel.nio.AbstractNioByteChannel$NioByteUnsafe.read(AbstractNioByteChannel.java:166) ~[netty-transport-4.1.123.Final.jar:4.1.123.Final]
		at io.netty.channel.nio.NioEventLoop.processSelectedKey(NioEventLoop.java:796) ~[netty-transport-4.1.123.Final.jar:4.1.123.Final]
		at io.netty.channel.nio.NioEventLoop.processSelectedKeysOptimized(NioEventLoop.java:732) ~[netty-transport-4.1.123.Final.jar:4.1.123.Final]
		at io.netty.channel.nio.NioEventLoop.processSelectedKeys(NioEventLoop.java:658) ~[netty-transport-4.1.123.Final.jar:4.1.123.Final]
		at io.netty.channel.nio.NioEventLoop.run(NioEventLoop.java:562) ~[netty-transport-4.1.123.Final.jar:4.1.123.Final]
		at io.netty.util.concurrent.SingleThreadEventExecutor$4.run(SingleThreadEventExecutor.java:998) ~[netty-common-4.1.123.Final.jar:4.1.123.Final]
		at io.netty.util.internal.ThreadExecutorMap$2.run(ThreadExecutorMap.java:74) ~[netty-common-4.1.123.Final.jar:4.1.123.Final]
		at io.netty.util.concurrent.FastThreadLocalRunnable.run(FastThreadLocalRunnable.java:30) ~[netty-common-4.1.123.Final.jar:4.1.123.Final]
		at java.base/java.lang.Thread.run(Thread.java:842) ~[?:?]
	Suppressed: java.lang.Exception: #block terminated with an error
		at reactor.core.publisher.BlockingSingleSubscriber.blockingGet(BlockingSingleSubscriber.java:104) ~[reactor-core-3.7.8.jar:3.7.8]
		at reactor.core.publisher.Mono.block(Mono.java:1779) ~[reactor-core-3.7.8.jar:3.7.8]
		at com.deltaexchange.trade.service.PositionService.getBTCPositionDetails(PositionService.java:46) ~[classes/:?]
		at com.deltaexchange.trade.service.StartBot.startBotMain(StartBot.java:31) ~[classes/:?]
		at com.deltaexchange.trade.service.BotRunner.run(BotRunner.java:18) ~[classes/:?]
		at org.springframework.boot.SpringApplication.lambda$callRunner$5(SpringApplication.java:788) ~[spring-boot-3.5.4.jar:3.5.4]
		at org.springframework.util.function.ThrowingConsumer$1.acceptWithException(ThrowingConsumer.java:82) ~[spring-core-6.2.9.jar:6.2.9]
		at org.springframework.util.function.ThrowingConsumer.accept(ThrowingConsumer.java:60) ~[spring-core-6.2.9.jar:6.2.9]
		at org.springframework.util.function.ThrowingConsumer$1.accept(ThrowingConsumer.java:86) ~[spring-core-6.2.9.jar:6.2.9]
		at org.springframework.boot.SpringApplication.callRunner(SpringApplication.java:796) ~[spring-boot-3.5.4.jar:3.5.4]
		at org.springframework.boot.SpringApplication.callRunner(SpringApplication.java:787) ~[spring-boot-3.5.4.jar:3.5.4]
		at org.springframework.boot.SpringApplication.lambda$callRunners$3(SpringApplication.java:772) [spring-boot-3.5.4.jar:3.5.4]
		at java.base/java.util.stream.ForEachOps$ForEachOp$OfRef.accept(ForEachOps.java:183) ~[?:?]
		at java.base/java.util.stream.SortedOps$SizedRefSortingSink.end(SortedOps.java:357) ~[?:?]
		at java.base/java.util.stream.AbstractPipeline.copyInto(AbstractPipeline.java:510) ~[?:?]
		at java.base/java.util.stream.AbstractPipeline.wrapAndCopyInto(AbstractPipeline.java:499) ~[?:?]
		at java.base/java.util.stream.ForEachOps$ForEachOp.evaluateSequential(ForEachOps.java:150) ~[?:?]
		at java.base/java.util.stream.ForEachOps$ForEachOp$OfRef.evaluateSequential(ForEachOps.java:173) ~[?:?]
		at java.base/java.util.stream.AbstractPipeline.evaluate(AbstractPipeline.java:234) ~[?:?]
		at java.base/java.util.stream.ReferencePipeline.forEach(ReferencePipeline.java:596) ~[?:?]
		at org.springframework.boot.SpringApplication.callRunners(SpringApplication.java:772) [spring-boot-3.5.4.jar:3.5.4]
		at org.springframework.boot.SpringApplication.run(SpringApplication.java:325) [spring-boot-3.5.4.jar:3.5.4]
		at org.springframework.boot.SpringApplication.run(SpringApplication.java:1361) [spring-boot-3.5.4.jar:3.5.4]
		at org.springframework.boot.SpringApplication.run(SpringApplication.java:1350) [spring-boot-3.5.4.jar:3.5.4]
		at com.deltaexchange.trade.TradingBotApplication.main(TradingBotApplication.java:12) [classes/:?]
[16 Aug 2025 18:20:50,697 INFO  GracefulShutdown -GracefulShutdown.java]- Commencing graceful shutdown. Waiting for active requests to complete
[16 Aug 2025 18:20:50,733 INFO  GracefulShutdown -GracefulShutdown.java]- Graceful shutdown complete
[16 Aug 2025 18:27:07,573 INFO  TomcatWebServer -TomcatWebServer.java]- Tomcat initialized with port 8080 (http)
[16 Aug 2025 18:27:07,608 INFO  StandardService -DirectJDKLog.java]- Starting service [Tomcat]
[16 Aug 2025 18:27:07,611 INFO  StandardEngine -DirectJDKLog.java]- Starting Servlet engine: [Apache Tomcat/10.1.43]
[16 Aug 2025 18:27:07,703 INFO  [/] -DirectJDKLog.java]- Initializing Spring embedded WebApplicationContext
[16 Aug 2025 18:27:07,706 INFO  ServletWebServerApplicationContext -ServletWebServerApplicationContext.java]- Root WebApplicationContext: initialization completed in 2434 ms
[16 Aug 2025 18:27:09,002 INFO  TomcatWebServer -TomcatWebServer.java]- Tomcat started on port 8080 (http) with context path '/'
[16 Aug 2025 18:27:45,523 INFO  GracefulShutdown -GracefulShutdown.java]- Commencing graceful shutdown. Waiting for active requests to complete
[16 Aug 2025 18:27:45,569 INFO  GracefulShutdown -GracefulShutdown.java]- Graceful shutdown complete
[16 Aug 2025 18:29:03,907 INFO  TomcatWebServer -TomcatWebServer.java]- Tomcat initialized with port 8080 (http)
[16 Aug 2025 18:29:03,939 INFO  StandardService -DirectJDKLog.java]- Starting service [Tomcat]
[16 Aug 2025 18:29:03,940 INFO  StandardEngine -DirectJDKLog.java]- Starting Servlet engine: [Apache Tomcat/10.1.43]
[16 Aug 2025 18:29:04,030 INFO  [/] -DirectJDKLog.java]- Initializing Spring embedded WebApplicationContext
[16 Aug 2025 18:29:04,030 INFO  ServletWebServerApplicationContext -ServletWebServerApplicationContext.java]- Root WebApplicationContext: initialization completed in 2269 ms
[16 Aug 2025 18:29:05,856 INFO  TomcatWebServer -TomcatWebServer.java]- Tomcat started on port 8080 (http) with context path '/'
[16 Aug 2025 18:29:38,364 INFO  GracefulShutdown -GracefulShutdown.java]- Commencing graceful shutdown. Waiting for active requests to complete
[16 Aug 2025 18:29:38,471 INFO  GracefulShutdown -GracefulShutdown.java]- Graceful shutdown complete
[16 Aug 2025 18:32:54,492 INFO  TomcatWebServer -TomcatWebServer.java]- Tomcat initialized with port 8080 (http)
[16 Aug 2025 18:32:54,517 INFO  StandardService -DirectJDKLog.java]- Starting service [Tomcat]
[16 Aug 2025 18:32:54,517 INFO  StandardEngine -DirectJDKLog.java]- Starting Servlet engine: [Apache Tomcat/10.1.43]
[16 Aug 2025 18:32:54,592 INFO  [/] -DirectJDKLog.java]- Initializing Spring embedded WebApplicationContext
[16 Aug 2025 18:32:54,601 INFO  ServletWebServerApplicationContext -ServletWebServerApplicationContext.java]- Root WebApplicationContext: initialization completed in 2158 ms
[16 Aug 2025 18:32:56,108 INFO  TomcatWebServer -TomcatWebServer.java]- Tomcat started on port 8080 (http) with context path '/'
[16 Aug 2025 18:33:19,611 INFO  GracefulShutdown -GracefulShutdown.java]- Commencing graceful shutdown. Waiting for active requests to complete
[16 Aug 2025 18:33:19,758 INFO  GracefulShutdown -GracefulShutdown.java]- Graceful shutdown complete
[16 Aug 2025 18:37:23,273 INFO  TomcatWebServer -TomcatWebServer.java]- Tomcat initialized with port 8080 (http)
[16 Aug 2025 18:37:23,310 INFO  StandardService -DirectJDKLog.java]- Starting service [Tomcat]
[16 Aug 2025 18:37:23,310 INFO  StandardEngine -DirectJDKLog.java]- Starting Servlet engine: [Apache Tomcat/10.1.43]
[16 Aug 2025 18:37:23,391 INFO  [/] -DirectJDKLog.java]- Initializing Spring embedded WebApplicationContext
[16 Aug 2025 18:37:23,392 INFO  ServletWebServerApplicationContext -ServletWebServerApplicationContext.java]- Root WebApplicationContext: initialization completed in 2171 ms
[16 Aug 2025 18:37:24,637 INFO  TomcatWebServer -TomcatWebServer.java]- Tomcat started on port 8080 (http) with context path '/'
[16 Aug 2025 18:46:09,641 INFO  TomcatWebServer -TomcatWebServer.java]- Tomcat initialized with port 8080 (http)
[16 Aug 2025 18:46:09,670 INFO  StandardService -DirectJDKLog.java]- Starting service [Tomcat]
[16 Aug 2025 18:46:09,670 INFO  StandardEngine -DirectJDKLog.java]- Starting Servlet engine: [Apache Tomcat/10.1.43]
[16 Aug 2025 18:46:09,744 INFO  [/] -DirectJDKLog.java]- Initializing Spring embedded WebApplicationContext
[16 Aug 2025 18:46:09,744 INFO  ServletWebServerApplicationContext -ServletWebServerApplicationContext.java]- Root WebApplicationContext: initialization completed in 2142 ms
[16 Aug 2025 18:46:10,988 INFO  TomcatWebServer -TomcatWebServer.java]- Tomcat started on port 8080 (http) with context path '/'
[16 Aug 2025 18:49:40,046 WARN  DuplicateJsonObjectContextCustomizerFactory$DuplicateJsonObjectContextCustomizer -DuplicateJsonObjectContextCustomizerFactory.java]- 

Found multiple occurrences of org.json.JSONObject on the class path:

	jar:file:/C:/Users/HaiderAliKhan/.m2/repository/com/vaadin/external/google/android-json/0.0.20131108.vaadin1/android-json-0.0.20131108.vaadin1.jar!/org/json/JSONObject.class
	jar:file:/C:/Users/HaiderAliKhan/.m2/repository/org/json/json/20240303/json-20240303.jar!/org/json/JSONObject.class

You may wish to exclude one of them to ensure predictable runtime behavior

[17 Aug 2025 19:47:45,763 INFO  TomcatWebServer -TomcatWebServer.java]- Tomcat initialized with port 8080 (http)
[17 Aug 2025 19:47:45,793 INFO  StandardService -DirectJDKLog.java]- Starting service [Tomcat]
[17 Aug 2025 19:47:45,793 INFO  StandardEngine -DirectJDKLog.java]- Starting Servlet engine: [Apache Tomcat/10.1.43]
[17 Aug 2025 19:47:45,871 INFO  [/] -DirectJDKLog.java]- Initializing Spring embedded WebApplicationContext
[17 Aug 2025 19:47:45,881 INFO  ServletWebServerApplicationContext -ServletWebServerApplicationContext.java]- Root WebApplicationContext: initialization completed in 2528 ms
[17 Aug 2025 19:47:47,471 INFO  TomcatWebServer -TomcatWebServer.java]- Tomcat started on port 8080 (http) with context path '/'
[17 Aug 2025 19:51:32,141 INFO  TomcatWebServer -TomcatWebServer.java]- Tomcat initialized with port 8080 (http)
[17 Aug 2025 19:51:32,171 INFO  StandardService -DirectJDKLog.java]- Starting service [Tomcat]
[17 Aug 2025 19:51:32,171 INFO  StandardEngine -DirectJDKLog.java]- Starting Servlet engine: [Apache Tomcat/10.1.43]
[17 Aug 2025 19:51:32,264 INFO  [/] -DirectJDKLog.java]- Initializing Spring embedded WebApplicationContext
[17 Aug 2025 19:51:32,265 INFO  ServletWebServerApplicationContext -ServletWebServerApplicationContext.java]- Root WebApplicationContext: initialization completed in 2185 ms
[17 Aug 2025 19:51:33,595 INFO  TomcatWebServer -TomcatWebServer.java]- Tomcat started on port 8080 (http) with context path '/'
[17 Aug 2025 20:17:51,324 INFO  TomcatWebServer -TomcatWebServer.java]- Tomcat initialized with port 8080 (http)
[17 Aug 2025 20:17:51,378 INFO  StandardService -DirectJDKLog.java]- Starting service [Tomcat]
[17 Aug 2025 20:17:51,378 INFO  StandardEngine -DirectJDKLog.java]- Starting Servlet engine: [Apache Tomcat/10.1.43]
[17 Aug 2025 20:17:51,482 INFO  [/] -DirectJDKLog.java]- Initializing Spring embedded WebApplicationContext
[17 Aug 2025 20:17:51,483 INFO  ServletWebServerApplicationContext -ServletWebServerApplicationContext.java]- Root WebApplicationContext: initialization completed in 2350 ms
[17 Aug 2025 20:17:53,152 INFO  TomcatWebServer -TomcatWebServer.java]- Tomcat started on port 8080 (http) with context path '/'
[17 Aug 2025 20:20:58,204 INFO  TomcatWebServer -TomcatWebServer.java]- Tomcat initialized with port 8080 (http)
[17 Aug 2025 20:20:58,261 INFO  StandardService -DirectJDKLog.java]- Starting service [Tomcat]
[17 Aug 2025 20:20:58,262 INFO  StandardEngine -DirectJDKLog.java]- Starting Servlet engine: [Apache Tomcat/10.1.43]
[17 Aug 2025 20:20:58,432 INFO  [/] -DirectJDKLog.java]- Initializing Spring embedded WebApplicationContext
[17 Aug 2025 20:20:58,432 INFO  ServletWebServerApplicationContext -ServletWebServerApplicationContext.java]- Root WebApplicationContext: initialization completed in 2125 ms
[17 Aug 2025 20:20:59,856 INFO  TomcatWebServer -TomcatWebServer.java]- Tomcat started on port 8080 (http) with context path '/'
[17 Aug 2025 20:26:31,598 INFO  TomcatWebServer -TomcatWebServer.java]- Tomcat initialized with port 8080 (http)
[17 Aug 2025 20:26:31,636 INFO  StandardService -DirectJDKLog.java]- Starting service [Tomcat]
[17 Aug 2025 20:26:31,639 INFO  StandardEngine -DirectJDKLog.java]- Starting Servlet engine: [Apache Tomcat/10.1.43]
[17 Aug 2025 20:26:31,718 INFO  [/] -DirectJDKLog.java]- Initializing Spring embedded WebApplicationContext
[17 Aug 2025 20:26:31,732 INFO  ServletWebServerApplicationContext -ServletWebServerApplicationContext.java]- Root WebApplicationContext: initialization completed in 1886 ms
[17 Aug 2025 20:26:32,951 INFO  TomcatWebServer -TomcatWebServer.java]- Tomcat started on port 8080 (http) with context path '/'
[17 Aug 2025 20:28:09,400 INFO  TomcatWebServer -TomcatWebServer.java]- Tomcat initialized with port 8080 (http)
[17 Aug 2025 20:28:09,431 INFO  StandardService -DirectJDKLog.java]- Starting service [Tomcat]
[17 Aug 2025 20:28:09,431 INFO  StandardEngine -DirectJDKLog.java]- Starting Servlet engine: [Apache Tomcat/10.1.43]
[17 Aug 2025 20:28:09,509 INFO  [/] -DirectJDKLog.java]- Initializing Spring embedded WebApplicationContext
[17 Aug 2025 20:28:09,520 INFO  ServletWebServerApplicationContext -ServletWebServerApplicationContext.java]- Root WebApplicationContext: initialization completed in 2096 ms
[17 Aug 2025 20:28:10,782 INFO  TomcatWebServer -TomcatWebServer.java]- Tomcat started on port 8080 (http) with context path '/'
